# JRE version: Java(TM) SE Runtime Environment (8.0_181-b13) (build 1.8.0_181-b13)
# Java VM: Java HotSpot(TM) 64-Bit Server VM (25.181-b13 mixed mode windows-amd64 compressed oops)
Heap:
 PSYoungGen      total 51712K, used 45633K [0x0000000780c00000, 0x0000000785100000, 0x00000007c0000000)
  eden space 46080K, 86% used [0x0000000780c00000,0x000000078331c6c0,0x0000000783900000)
  from space 5632K, 99% used [0x0000000783a00000,0x0000000783f73fa0,0x0000000783f80000)
  to   space 12288K, 0% used [0x0000000784500000,0x0000000784500000,0x0000000785100000)
 ParOldGen       total 67584K, used 11251K [0x0000000702400000, 0x0000000706600000, 0x0000000780c00000)
  object space 67584K, 16% used [0x0000000702400000,0x0000000702efccc8,0x0000000706600000)
 Metaspace       used 23045K, capacity 24503K, committed 24624K, reserved 1071104K
  class space    used 3088K, capacity 3371K, committed 3376K, reserved 1048576K
GC Heap History (10 events):
Event: 421.556 GC heap before
{Heap before GC invocations=4 (full 1):
 PSYoungGen      total 56832K, used 49152K [0x0000000780c00000, 0x0000000784b00000, 0x00000007c0000000)
  eden space 49152K, 100% used [0x0000000780c00000,0x0000000783c00000,0x0000000783c00000)
  from space 7680K, 0% used [0x0000000784380000,0x0000000784380000,0x0000000784b00000)
  to   space 7680K, 0% used [0x0000000783c00000,0x0000000783c00000,0x0000000784380000)
 ParOldGen       total 67584K, used 11219K [0x0000000702400000, 0x0000000706600000, 0x0000000780c00000)
  object space 67584K, 16% used [0x0000000702400000,0x0000000702ef4cc8,0x0000000706600000)
 Metaspace       used 21974K, capacity 23357K, committed 23600K, reserved 1069056K
  class space    used 3059K, capacity 3342K, committed 3376K, reserved 1048576K
Event: 421.559 GC heap after
Heap after GC invocations=4 (full 1):
 PSYoungGen      total 56832K, used 3488K [0x0000000780c00000, 0x0000000784b00000, 0x00000007c0000000)
  eden space 49152K, 0% used [0x0000000780c00000,0x0000000780c00000,0x0000000783c00000)
  from space 7680K, 45% used [0x0000000783c00000,0x0000000783f68000,0x0000000784380000)
  to   space 7680K, 0% used [0x0000000784380000,0x0000000784380000,0x0000000784b00000)
 ParOldGen       total 67584K, used 11227K [0x0000000702400000, 0x0000000706600000, 0x0000000780c00000)
  object space 67584K, 16% used [0x0000000702400000,0x0000000702ef6cc8,0x0000000706600000)
 Metaspace       used 21974K, capacity 23357K, committed 23600K, reserved 1069056K
  class space    used 3059K, capacity 3342K, committed 3376K, reserved 1048576K
}
Event: 453.068 GC heap before
{Heap before GC invocations=5 (full 1):
 PSYoungGen      total 56832K, used 52640K [0x0000000780c00000, 0x0000000784b00000, 0x00000007c0000000)
  eden space 49152K, 100% used [0x0000000780c00000,0x0000000783c00000,0x0000000783c00000)
  from space 7680K, 45% used [0x0000000783c00000,0x0000000783f68000,0x0000000784380000)
  to   space 7680K, 0% used [0x0000000784380000,0x0000000784380000,0x0000000784b00000)
 ParOldGen       total 67584K, used 11227K [0x0000000702400000, 0x0000000706600000, 0x0000000780c00000)
  object space 67584K, 16% used [0x0000000702400000,0x0000000702ef6cc8,0x0000000706600000)
 Metaspace       used 22532K, capacity 23999K, committed 24112K, reserved 1071104K
  class space    used 3083K, capacity 3363K, committed 3376K, reserved 1048576K
Event: 453.072 GC heap after
Heap after GC invocations=5 (full 1):
 PSYoungGen      total 56832K, used 4480K [0x0000000780c00000, 0x0000000784b00000, 0x00000007c0000000)
  eden space 49152K, 0% used [0x0000000780c00000,0x0000000780c00000,0x0000000783c00000)
  from space 7680K, 58% used [0x0000000784380000,0x00000007847e0000,0x0000000784b00000)
  to   space 7680K, 0% used [0x0000000783c00000,0x0000000783c00000,0x0000000784380000)
 ParOldGen       total 67584K, used 11235K [0x0000000702400000, 0x0000000706600000, 0x0000000780c00000)
  object space 67584K, 16% used [0x0000000702400000,0x0000000702ef8cc8,0x0000000706600000)
 Metaspace       used 22532K, capacity 23999K, committed 24112K, reserved 1071104K
  class space    used 3083K, capacity 3363K, committed 3376K, reserved 1048576K
}
Event: 470.298 GC heap before
{Heap before GC invocations=6 (full 1):
 PSYoungGen      total 56832K, used 53632K [0x0000000780c00000, 0x0000000784b00000, 0x00000007c0000000)
  eden space 49152K, 100% used [0x0000000780c00000,0x0000000783c00000,0x0000000783c00000)
  from space 7680K, 58% used [0x0000000784380000,0x00000007847e0000,0x0000000784b00000)
  to   space 7680K, 0% used [0x0000000783c00000,0x0000000783c00000,0x0000000784380000)
 ParOldGen       total 67584K, used 11235K [0x0000000702400000, 0x0000000706600000, 0x0000000780c00000)
  object space 67584K, 16% used [0x0000000702400000,0x0000000702ef8cc8,0x0000000706600000)
 Metaspace       used 22736K, capacity 24191K, committed 24368K, reserved 1071104K
  class space    used 3084K, capacity 3363K, committed 3376K, reserved 1048576K
Event: 470.302 GC heap after
Heap after GC invocations=6 (full 1):
 PSYoungGen      total 55808K, used 5492K [0x0000000780c00000, 0x0000000785600000, 0x00000007c0000000)
  eden space 48128K, 0% used [0x0000000780c00000,0x0000000780c00000,0x0000000783b00000)
  from space 7680K, 71% used [0x0000000783c00000,0x000000078415d2c0,0x0000000784380000)
  to   space 13824K, 0% used [0x0000000784880000,0x0000000784880000,0x0000000785600000)
 ParOldGen       total 67584K, used 11243K [0x0000000702400000, 0x0000000706600000, 0x0000000780c00000)
  object space 67584K, 16% used [0x0000000702400000,0x0000000702efacc8,0x0000000706600000)
 Metaspace       used 22736K, capacity 24191K, committed 24368K, reserved 1071104K
  class space    used 3084K, capacity 3363K, committed 3376K, reserved 1048576K
}
Event: 479.925 GC heap before
{Heap before GC invocations=7 (full 1):
 PSYoungGen      total 55808K, used 53620K [0x0000000780c00000, 0x0000000785600000, 0x00000007c0000000)
  eden space 48128K, 100% used [0x0000000780c00000,0x0000000783b00000,0x0000000783b00000)
  from space 7680K, 71% used [0x0000000783c00000,0x000000078415d2c0,0x0000000784380000)
  to   space 13824K, 0% used [0x0000000784880000,0x0000000784880000,0x0000000785600000)
 ParOldGen       total 67584K, used 11243K [0x0000000702400000, 0x0000000706600000, 0x0000000780c00000)
  object space 67584K, 16% used [0x0000000702400000,0x0000000702efacc8,0x0000000706600000)
 Metaspace       used 22779K, capacity 24191K, committed 24368K, reserved 1071104K
  class space    used 3084K, capacity 3363K, committed 3376K, reserved 1048576K
Event: 479.929 GC heap after
Heap after GC invocations=7 (full 1):
 PSYoungGen      total 57856K, used 5542K [0x0000000780c00000, 0x0000000785300000, 0x00000007c0000000)
  eden space 47104K, 0% used [0x0000000780c00000,0x0000000780c00000,0x0000000783a00000)
  from space 10752K, 51% used [0x0000000784880000,0x0000000784de9880,0x0000000785300000)
  to   space 12800K, 0% used [0x0000000783a00000,0x0000000783a00000,0x0000000784680000)
 ParOldGen       total 67584K, used 11251K [0x0000000702400000, 0x0000000706600000, 0x0000000780c00000)
  object space 67584K, 16% used [0x0000000702400000,0x0000000702efccc8,0x0000000706600000)
 Metaspace       used 22779K, capacity 24191K, committed 24368K, reserved 1071104K
  class space    used 3084K, capacity 3363K, committed 3376K, reserved 1048576K
}
Event: 487.547 GC heap before
{Heap before GC invocations=8 (full 1):
 PSYoungGen      total 57856K, used 52634K [0x0000000780c00000, 0x0000000785300000, 0x00000007c0000000)
  eden space 47104K, 99% used [0x0000000780c00000,0x00000007839fd070,0x0000000783a00000)
  from space 10752K, 51% used [0x0000000784880000,0x0000000784de9880,0x0000000785300000)
  to   space 12800K, 0% used [0x0000000783a00000,0x0000000783a00000,0x0000000784680000)
 ParOldGen       total 67584K, used 11251K [0x0000000702400000, 0x0000000706600000, 0x0000000780c00000)
  object space 67584K, 16% used [0x0000000702400000,0x0000000702efccc8,0x0000000706600000)
 Metaspace       used 22852K, capacity 24255K, committed 24368K, reserved 1071104K
  class space    used 3084K, capacity 3363K, committed 3376K, reserved 1048576K
Event: 487.551 GC heap after
Heap after GC invocations=8 (full 1):
 PSYoungGen      total 51712K, used 5583K [0x0000000780c00000, 0x0000000785100000, 0x00000007c0000000)
  eden space 46080K, 0% used [0x0000000780c00000,0x0000000780c00000,0x0000000783900000)
  from space 5632K, 99% used [0x0000000783a00000,0x0000000783f73fa0,0x0000000783f80000)
  to   space 12288K, 0% used [0x0000000784500000,0x0000000784500000,0x0000000785100000)
 ParOldGen       total 67584K, used 11251K [0x0000000702400000, 0x0000000706600000, 0x0000000780c00000)
  object space 67584K, 16% used [0x0000000702400000,0x0000000702efccc8,0x0000000706600000)
 Metaspace       used 22852K, capacity 24255K, committed 24368K, reserved 1071104K
  class space    used 3084K, capacity 3363K, committed 3376K, reserved 1048576K
}

